e:\vision_zed\vision_zed\x64\debug\moc_vision_zed.obj
e:\vision_zed\vision_zed\x64\debug\qrc_vision_zed.obj
e:\vision_zed\vision_zed\x64\debug\moc_camera.obj
e:\vision_zed\vision_zed\x64\debug\vc142.pdb
e:\vision_zed\vision_zed\x64\debug\main.obj
e:\vision_zed\vision_zed\x64\debug\vision_zed.obj
e:\vision_zed\vision_zed\x64\debug\camera.obj
e:\vision_zed\x64\debug\vision_zed.exe
e:\vision_zed\x64\debug\vision_zed.ilk
e:\vision_zed\x64\debug\vision_zed.pdb
e:\vision_zed\vision_zed\x64\debug\moc\moc_vision_zed.cpp
e:\vision_zed\vision_zed\x64\debug\moc\moc_camera.cpp
e:\vision_zed\vision_zed\x64\debug\rcc\qrc_vision_zed.cpp
e:\vision_zed\vision_zed\x64\debug\uic\ui_vision_zed.h
e:\vision_zed\vision_zed\x64\debug\uic\ui_tipwidget.h
e:\vision_zed\vision_zed\x64\debug\moc\moc_tipwidget.cpp
e:\vision_zed\vision_zed\x64\debug\uic\ui_tips.h
e:\vision_zed\vision_zed\x64\debug\vision_zed.tlog\cl.command.1.tlog
e:\vision_zed\vision_zed\x64\debug\vision_zed.tlog\cl.read.1.tlog
e:\vision_zed\vision_zed\x64\debug\vision_zed.tlog\cl.write.1.tlog
e:\vision_zed\vision_zed\x64\debug\vision_zed.tlog\link.command.1.tlog
e:\vision_zed\vision_zed\x64\debug\vision_zed.tlog\link.read.1.tlog
e:\vision_zed\vision_zed\x64\debug\vision_zed.tlog\link.write.1.tlog
e:\vision_zed\vision_zed\x64\debug\vision_zed.tlog\moc.read.1u.tlog
e:\vision_zed\vision_zed\x64\debug\vision_zed.tlog\moc.write.1u.tlog
e:\vision_zed\vision_zed\x64\debug\vision_zed.tlog\rcc.read.1u.tlog
e:\vision_zed\vision_zed\x64\debug\vision_zed.tlog\rcc.write.1u.tlog
e:\vision_zed\vision_zed\x64\debug\vision_zed.tlog\uic.read.1u.tlog
e:\vision_zed\vision_zed\x64\debug\vision_zed.tlog\uic.write.1u.tlog
e:\vision_zed\vision_zed\x64\debug\vision_zed.tlog\vision_zed.write.1u.tlog
